[2016-11-07 04:22:22] PerMVC.INFO: request is :index/index [] []
[2016-11-07 04:27:30] PerMVC.INFO: request is :index/index [] []
[2016-11-07 04:27:30] PerMVC.INFO: info ! [] []
[2016-11-07 04:27:43] PerMVC.INFO: request is :index/index [] []
[2016-11-07 04:27:43] PerMVC.INFO: request is :public/css [] []
[2016-11-07 04:27:43] PerMVC.INFO: request is :public/js [] []
[2016-11-07 04:27:43] PerMVC.INFO: request is :public/css [] []
[2016-11-07 04:28:02] PerMVC.INFO: request is :public/css [] []
[2016-11-07 04:28:02] PerMVC.INFO: request is :public/css [] []
[2016-11-07 04:30:24] PerMVC.INFO: request is :index/index [] []
[2016-11-07 04:31:19] PerMVC.INFO: request is :index/index [] []
[2016-11-07 04:35:17] PerMVC.INFO: request is :index/index [] []
[2016-11-07 04:35:17] PerMVC.INFO: info ! [] []
[2016-11-07 04:36:31] PerMVC.INFO: request is :index/index [] []
[2016-11-07 04:36:31] PerMVC.INFO: info ! [] []
[2016-11-07 04:37:00] PerMVC.INFO: request is :index/index [] []
[2016-11-07 04:37:00] PerMVC.INFO: info ! [] []
[2016-11-07 04:37:26] PerMVC.INFO: request is :index/index [] []
[2016-11-07 04:37:26] PerMVC.INFO: info ! [] []
[2016-11-07 04:38:06] PerMVC.INFO: request is :index/index [] []
[2016-11-07 04:38:06] PerMVC.INFO: info ! [] []
[2016-11-07 04:38:47] PerMVC.INFO: request is :index/index [] []
[2016-11-07 04:38:47] PerMVC.INFO: info ! [] []
[2016-11-07 04:38:51] PerMVC.INFO: request is :index/index [] []
[2016-11-07 04:38:51] PerMVC.INFO: info ! [] []
[2016-11-07 04:39:23] PerMVC.INFO: request is :index/index [] []
[2016-11-07 04:39:27] PerMVC.INFO: request is :index/index [] []
[2016-11-07 04:39:27] PerMVC.INFO: info ! [] []
[2016-11-07 04:40:01] PerMVC.INFO: request is :index/index [] []
[2016-11-07 04:40:01] PerMVC.INFO: info ! [] []
[2016-11-07 04:42:22] PerMVC.INFO: request is :index/index [] []
[2016-11-07 04:42:22] PerMVC.INFO: info ! [] []
[2016-11-07 04:44:36] PerMVC.INFO: request is :index/index [] []
[2016-11-07 04:44:46] PerMVC.INFO: request is :ipload/index [] []
[2016-11-07 04:44:53] PerMVC.INFO: request is :upload/index [] []
[2016-11-07 04:45:08] PerMVC.INFO: request is :upload/index [] []
[2016-11-07 04:45:08] PerMVC.INFO: request is :public/css [] []
[2016-11-07 04:45:08] PerMVC.INFO: request is :public/plugins [] []
[2016-11-07 04:45:08] PerMVC.INFO: request is :public/plugins [] []
[2016-11-07 04:45:08] PerMVC.INFO: request is :public/plugins [] []
[2016-11-07 04:45:08] PerMVC.INFO: request is :public/plugins [] []
[2016-11-07 04:45:08] PerMVC.INFO: request is :public/plugins [] []
[2016-11-07 04:45:08] PerMVC.INFO: request is :public/plugins [] []
[2016-11-07 04:45:08] PerMVC.INFO: request is :public/plugins [] []
[2016-11-07 04:45:08] PerMVC.INFO: request is :public/plugins [] []
[2016-11-07 04:45:08] PerMVC.INFO: request is :public/plugins [] []
[2016-11-07 04:45:08] PerMVC.INFO: request is :public/plugins [] []
[2016-11-07 04:45:08] PerMVC.INFO: request is :favicon/ [] []
[2016-11-07 04:45:22] PerMVC.INFO: request is :upload/index [] []
[2016-11-07 06:52:50] PerMVC.INFO: request is :index/index [] []
