[2016-11-21 15:07:04] PerMVC.INFO: request is :index/index [] []
[2016-11-21 15:07:04] PerMVC.INFO: info ! [] []
[2016-11-21 15:07:40] PerMVC.INFO: request is :index/index [] []
[2016-11-21 15:07:40] PerMVC.INFO: info ! [] []
[2016-11-21 15:09:29] PerMVC.INFO: request is :index/index [] []
[2016-11-21 15:09:29] PerMVC.INFO: info ! [] []
[2016-11-21 15:09:44] PerMVC.INFO: request is :index/index [] []
[2016-11-21 15:09:44] PerMVC.INFO: info ! [] []
[2016-11-21 15:10:55] PerMVC.INFO: request is :index/index [] []
[2016-11-21 15:10:55] PerMVC.INFO: info ! [] []
[2016-11-21 15:11:28] PerMVC.INFO: request is :index/index [] []
[2016-11-21 15:11:28] PerMVC.INFO: info ! [] []
[2016-11-21 15:11:41] PerMVC.INFO: request is :index/index [] []
[2016-11-21 15:11:41] PerMVC.INFO: info ! [] []
[2016-11-21 15:16:23] PerMVC.INFO: request is :index/index [] []
[2016-11-21 15:16:23] PerMVC.INFO: info ! [] []
[2016-11-21 15:16:32] PerMVC.INFO: request is :index/index [] []
[2016-11-21 15:16:32] PerMVC.INFO: info ! [] []
[2016-11-21 15:26:04] PerMVC.INFO: request is :index/index [] []
[2016-11-21 15:26:04] PerMVC.INFO: info ! [] []
[2016-11-21 15:43:03] PerMVC.INFO: request is :index/index [] []
[2016-11-21 15:43:03] PerMVC.INFO: info ! [] []
[2016-11-21 15:45:27] PerMVC.INFO: request is :index/index [] []
[2016-11-21 15:45:27] PerMVC.INFO: info ! [] []
[2016-11-21 15:45:30] PerMVC.INFO: request is :index/ajax [] []
[2016-11-21 15:45:56] PerMVC.INFO: request is :index/ajaxTest [] []
[2016-11-21 15:46:02] PerMVC.INFO: request is :index/ajaxTest [] []
[2016-11-21 15:46:13] PerMVC.INFO: request is :index/ajaxTest [] []
[2016-11-21 15:46:32] PerMVC.INFO: request is :index/index [] []
[2016-11-21 15:46:32] PerMVC.INFO: info ! [] []
[2016-11-21 15:46:40] PerMVC.INFO: request is :index/index [] []
[2016-11-21 15:46:40] PerMVC.INFO: info ! [] []
[2016-11-21 15:47:05] PerMVC.INFO: request is :index/index [] []
[2016-11-21 15:47:05] PerMVC.INFO: info ! [] []
[2016-11-21 15:47:21] PerMVC.INFO: request is :index/index [] []
[2016-11-21 15:47:21] PerMVC.INFO: info ! [] []
[2016-11-21 15:47:43] PerMVC.INFO: request is :index/index [] []
[2016-11-21 15:47:43] PerMVC.INFO: info ! [] []
[2016-11-21 15:48:03] PerMVC.INFO: request is :index/index [] []
[2016-11-21 15:48:03] PerMVC.INFO: info ! [] []
[2016-11-21 15:48:43] PerMVC.INFO: request is :index/index [] []
[2016-11-21 15:48:43] PerMVC.INFO: info ! [] []
[2016-11-21 15:51:28] PerMVC.INFO: request is :index/index [] []
[2016-11-21 15:51:28] PerMVC.INFO: info ! [] []
[2016-11-21 15:52:37] PerMVC.INFO: request is :index/index [] []
[2016-11-21 15:52:37] PerMVC.INFO: info ! [] []
[2016-11-21 15:52:45] PerMVC.INFO: request is :index/index [] []
[2016-11-21 15:52:45] PerMVC.INFO: info ! [] []
[2016-11-21 15:52:45] PerMVC.INFO: request is :js/jqueqwry-3 [] []
[2016-11-21 15:52:54] PerMVC.INFO: request is :index/index [] []
[2016-11-21 15:52:54] PerMVC.INFO: info ! [] []
[2016-11-21 15:56:57] PerMVC.INFO: request is :index/index [] []
[2016-11-21 15:56:57] PerMVC.INFO: info ! [] []
[2016-11-21 15:57:01] PerMVC.INFO: request is :index/index [] []
[2016-11-21 15:57:01] PerMVC.INFO: info ! [] []
[2016-11-21 15:58:01] PerMVC.INFO: request is :index/index [] []
[2016-11-21 15:58:01] PerMVC.INFO: info ! [] []
[2016-11-21 15:58:48] PerMVC.INFO: request is :index/ajaxTest [] []
[2016-11-21 15:59:23] PerMVC.INFO: request is :index/index [] []
[2016-11-21 15:59:23] PerMVC.INFO: info ! [] []
[2016-11-21 16:00:30] PerMVC.INFO: request is :index/index [] []
[2016-11-21 16:00:30] PerMVC.INFO: info ! [] []
[2016-11-21 16:00:51] PerMVC.INFO: request is :index/index [] []
[2016-11-21 16:00:51] PerMVC.INFO: info ! [] []
[2016-11-21 16:00:55] PerMVC.INFO: request is :index/ajaxTest [] []
[2016-11-21 16:01:09] PerMVC.INFO: request is :index/ajaxTest [] []
[2016-11-21 16:01:43] PerMVC.INFO: request is :index/index [] []
[2016-11-21 16:01:43] PerMVC.INFO: info ! [] []
[2016-11-21 16:01:44] PerMVC.INFO: request is :index/ajaxTest [] []
[2016-11-21 16:02:31] PerMVC.INFO: request is :index/index [] []
[2016-11-21 16:02:31] PerMVC.INFO: info ! [] []
[2016-11-21 16:02:32] PerMVC.INFO: request is :index/ajaxTest [] []
[2016-11-21 16:02:41] PerMVC.INFO: request is :index/ajaxTest [] []
[2016-11-21 16:03:16] PerMVC.INFO: request is :index/ajaxTest [] []
[2016-11-21 16:03:20] PerMVC.INFO: request is :index/ajaxTest [] []
[2016-11-21 16:08:12] PerMVC.INFO: request is :index/index [] []
[2016-11-21 16:08:12] PerMVC.INFO: info ! [] []
[2016-11-21 16:08:13] PerMVC.INFO: request is :index/ajaxTest [] []
[2016-11-21 16:08:20] PerMVC.INFO: request is :index/index [] []
[2016-11-21 16:08:20] PerMVC.INFO: info ! [] []
[2016-11-21 16:08:22] PerMVC.INFO: request is :index/ajaxTest [] []
[2016-11-21 16:11:36] PerMVC.INFO: request is :index/index [] []
[2016-11-21 16:11:36] PerMVC.INFO: info ! [] []
[2016-11-21 16:11:38] PerMVC.INFO: request is :index/ajaxTest132 [] []
[2016-11-21 16:13:12] PerMVC.INFO: request is :index/index [] []
[2016-11-21 16:13:12] PerMVC.INFO: info ! [] []
[2016-11-21 16:13:14] PerMVC.INFO: request is :index/ajaxTest132 [] []
[2016-11-21 16:13:21] PerMVC.INFO: request is :index/index [] []
[2016-11-21 16:13:21] PerMVC.INFO: info ! [] []
[2016-11-21 16:13:22] PerMVC.INFO: request is :index/ajaxTest [] []
[2016-11-21 16:16:58] PerMVC.INFO: request is :index/index [] []
[2016-11-21 16:16:58] PerMVC.INFO: info ! [] []
[2016-11-21 16:17:14] PerMVC.INFO: request is :index/index [] []
[2016-11-21 16:17:14] PerMVC.INFO: info ! [] []
[2016-11-21 16:22:27] PerMVC.INFO: request is :index/index [] []
[2016-11-21 16:22:27] PerMVC.INFO: info ! [] []
[2016-11-21 16:36:28] PerMVC.INFO: request is :index/index [] []
[2016-11-21 16:36:28] PerMVC.INFO: info ! [] []
[2016-11-21 16:36:30] PerMVC.INFO: request is :index/ajaxTest [] []
[2016-11-21 16:57:53] PerMVC.INFO: request is :index/index [] []
[2016-11-21 16:57:53] PerMVC.INFO: info ! [] []
[2016-11-21 16:57:56] PerMVC.INFO: request is :index/ajaxTest [] []
[2016-11-21 16:58:09] PerMVC.INFO: request is :index/index [] []
[2016-11-21 16:58:09] PerMVC.INFO: info ! [] []
[2016-11-21 16:58:11] PerMVC.INFO: request is :index/ajaxTest [] []
[2016-11-21 17:01:31] PerMVC.INFO: request is :index/ajaxTest [] []
[2016-11-21 17:01:33] PerMVC.INFO: request is :index/index [] []
[2016-11-21 17:01:33] PerMVC.INFO: info ! [] []
