[2016-11-23 12:12:03] PerMVC.INFO: request is :index/index [] []
[2016-11-23 12:12:03] PerMVC.INFO: info ! [] []
[2016-11-23 12:12:06] PerMVC.INFO: request is :index/ajaxTest [] []
[2016-11-23 12:12:09] PerMVC.INFO: request is :index/ajaxTest [] []
[2016-11-23 12:12:12] PerMVC.INFO: request is :index/ajaxTest [] []
[2016-11-23 12:12:27] PerMVC.INFO: request is :index/index [] []
[2016-11-23 12:12:27] PerMVC.INFO: info ! [] []
[2016-11-23 13:38:49] PerMVC.INFO: request is :index/index [] []
[2016-11-23 13:38:49] PerMVC.INFO: info ! [] []
[2016-11-23 13:38:50] PerMVC.INFO: request is :js/hplus28b5 [] []
[2016-11-23 13:39:36] PerMVC.INFO: request is :index/index [] []
[2016-11-23 13:39:36] PerMVC.INFO: info ! [] []
[2016-11-23 13:39:36] PerMVC.INFO: request is :js/hplus28b5 [] []
[2016-11-23 13:39:36] PerMVC.INFO: request is :js/hplus28b5 [] []
[2016-11-23 13:39:59] PerMVC.INFO: request is :index/index [] []
[2016-11-23 13:39:59] PerMVC.INFO: info ! [] []
[2016-11-23 13:39:59] PerMVC.INFO: request is :/ [] []
[2016-11-23 13:43:28] PerMVC.INFO: request is :index/index [] []
[2016-11-23 13:43:39] PerMVC.INFO: request is :index/index [] []
[2016-11-23 13:43:39] PerMVC.INFO: info ! [] []
[2016-11-23 13:43:40] PerMVC.INFO: request is :/ [] []
[2016-11-23 13:45:19] PerMVC.INFO: request is :index/index [] []
[2016-11-23 13:45:19] PerMVC.INFO: info ! [] []
[2016-11-23 13:45:20] PerMVC.INFO: request is :/ [] []
[2016-11-23 13:45:28] PerMVC.INFO: request is :index/index [] []
[2016-11-23 13:45:28] PerMVC.INFO: info ! [] []
[2016-11-23 13:45:28] PerMVC.INFO: request is :/ [] []
[2016-11-23 13:47:27] PerMVC.INFO: request is :index/index [] []
[2016-11-23 13:47:27] PerMVC.INFO: info ! [] []
[2016-11-23 13:47:28] PerMVC.INFO: request is :/ [] []
[2016-11-23 13:47:40] PerMVC.INFO: request is :/ [] []
[2016-11-23 13:47:44] PerMVC.INFO: request is :index/index [] []
[2016-11-23 13:47:44] PerMVC.INFO: info ! [] []
[2016-11-23 13:47:44] PerMVC.INFO: request is :/ [] []
[2016-11-23 13:49:03] PerMVC.INFO: request is :index/index [] []
[2016-11-23 13:49:03] PerMVC.INFO: info ! [] []
[2016-11-23 13:49:04] PerMVC.INFO: request is :/ [] []
[2016-11-23 13:49:04] PerMVC.INFO: request is :index/index [] []
[2016-11-23 13:49:04] PerMVC.INFO: info ! [] []
[2016-11-23 13:49:05] PerMVC.INFO: request is :/ [] []
[2016-11-23 13:50:07] PerMVC.INFO: request is :index/index [] []
[2016-11-23 13:50:07] PerMVC.INFO: info ! [] []
[2016-11-23 13:50:07] PerMVC.INFO: request is :/ [] []
[2016-11-23 13:52:12] PerMVC.INFO: request is :index/index [] []
[2016-11-23 13:52:12] PerMVC.INFO: info ! [] []
[2016-11-23 13:52:12] PerMVC.INFO: request is :/ [] []
[2016-11-23 13:52:42] PerMVC.INFO: request is :index/index [] []
[2016-11-23 13:52:42] PerMVC.INFO: info ! [] []
[2016-11-23 13:52:42] PerMVC.INFO: request is :/ [] []
[2016-11-23 13:59:00] PerMVC.INFO: request is :index/index [] []
[2016-11-23 13:59:00] PerMVC.INFO: info ! [] []
[2016-11-23 13:59:01] PerMVC.INFO: request is :/ [] []
[2016-11-23 14:03:15] PerMVC.INFO: request is :index/index [] []
[2016-11-23 14:03:15] PerMVC.INFO: info ! [] []
[2016-11-23 14:03:15] PerMVC.INFO: request is :/ [] []
[2016-11-23 14:04:03] PerMVC.INFO: request is :index/index [] []
[2016-11-23 14:04:03] PerMVC.INFO: info ! [] []
[2016-11-23 14:04:03] PerMVC.INFO: request is :/ [] []
[2016-11-23 14:09:28] PerMVC.INFO: request is :index/index [] []
[2016-11-23 14:09:28] PerMVC.INFO: info ! [] []
[2016-11-23 14:09:28] PerMVC.INFO: request is :/ [] []
[2016-11-23 14:09:48] PerMVC.INFO: request is :index/index [] []
[2016-11-23 14:09:48] PerMVC.INFO: info ! [] []
[2016-11-23 14:09:48] PerMVC.INFO: request is :/ [] []
[2016-11-23 14:14:39] PerMVC.INFO: request is :index/index [] []
[2016-11-23 14:14:39] PerMVC.INFO: info ! [] []
[2016-11-23 14:14:39] PerMVC.INFO: request is :/ [] []
[2016-11-23 14:18:03] PerMVC.INFO: request is :/ [] []
[2016-11-23 14:18:05] PerMVC.INFO: request is :index/index [] []
[2016-11-23 14:18:05] PerMVC.INFO: info ! [] []
[2016-11-23 14:18:05] PerMVC.INFO: request is :/ [] []
[2016-11-23 14:20:33] PerMVC.INFO: request is :index/index [] []
[2016-11-23 14:20:33] PerMVC.INFO: info ! [] []
[2016-11-23 14:20:33] PerMVC.INFO: request is :/ [] []
[2016-11-23 14:21:42] PerMVC.INFO: request is :index/index [] []
[2016-11-23 14:21:42] PerMVC.INFO: info ! [] []
[2016-11-23 14:21:43] PerMVC.INFO: request is :/ [] []
[2016-11-23 14:23:19] PerMVC.INFO: request is :index/index [] []
[2016-11-23 14:23:19] PerMVC.INFO: info ! [] []
[2016-11-23 14:23:19] PerMVC.INFO: request is :/ [] []
[2016-11-23 14:25:26] PerMVC.INFO: request is :index/index [] []
[2016-11-23 14:25:26] PerMVC.INFO: info ! [] []
[2016-11-23 14:25:26] PerMVC.INFO: request is :/ [] []
[2016-11-23 14:30:00] PerMVC.INFO: request is :index/index [] []
[2016-11-23 14:30:00] PerMVC.INFO: info ! [] []
[2016-11-23 14:30:00] PerMVC.INFO: request is :/ [] []
[2016-11-23 14:31:49] PerMVC.INFO: request is :index/index [] []
[2016-11-23 14:31:49] PerMVC.INFO: info ! [] []
[2016-11-23 14:31:49] PerMVC.INFO: request is :/ [] []
[2016-11-23 14:35:28] PerMVC.INFO: request is :index/index [] []
[2016-11-23 14:35:28] PerMVC.INFO: info ! [] []
[2016-11-23 14:35:28] PerMVC.INFO: request is :/ [] []
[2016-11-23 14:35:52] PerMVC.INFO: request is :/ [] []
[2016-11-23 14:35:54] PerMVC.INFO: request is :index/index [] []
[2016-11-23 14:35:54] PerMVC.INFO: info ! [] []
[2016-11-23 14:35:54] PerMVC.INFO: request is :/ [] []
[2016-11-23 14:36:46] PerMVC.INFO: request is :index/index [] []
[2016-11-23 14:36:46] PerMVC.INFO: info ! [] []
[2016-11-23 14:36:46] PerMVC.INFO: request is :/ [] []
[2016-11-23 14:36:47] PerMVC.INFO: request is :index/index [] []
[2016-11-23 14:36:47] PerMVC.INFO: info ! [] []
[2016-11-23 14:36:48] PerMVC.INFO: request is :index/skin-config [] []
[2016-11-23 14:36:58] PerMVC.INFO: request is :index/login [] []
[2016-11-23 14:37:04] PerMVC.INFO: request is :index/index [] []
[2016-11-23 14:37:04] PerMVC.INFO: info ! [] []
[2016-11-23 14:37:04] PerMVC.INFO: request is :index/skin-config [] []
