[2017-12-11 13:44:47] PerMVC.INFO: request is :app/index/index [] []
[2017-12-11 13:44:47] PerMVC.INFO: info ! [] []
[2017-12-11 13:44:47] PerMVC.INFO: request is :public/css/my [] []
[2017-12-11 13:44:47] PerMVC.INFO: request is :public/css/animate [] []
[2017-12-11 13:44:47] PerMVC.INFO: request is :public/css/bootstrap [] []
[2017-12-11 13:44:47] PerMVC.INFO: request is :public/css/font-awesome [] []
[2017-12-11 13:44:47] PerMVC.INFO: request is :public/js/core [] []
[2017-12-11 13:44:47] PerMVC.INFO: request is :public/css/stylef066 [] []
[2017-12-11 13:44:47] PerMVC.INFO: request is :public/js/plugins [] []
[2017-12-11 13:44:47] PerMVC.INFO: request is :public/js/bootstrap [] []
[2017-12-11 13:44:47] PerMVC.INFO: request is :public/js/plugins [] []
[2017-12-11 13:44:47] PerMVC.INFO: request is :public/js/jquery-3 [] []
[2017-12-11 13:44:47] PerMVC.INFO: request is :public/js/plugins [] []
[2017-12-11 13:44:47] PerMVC.INFO: request is :public/js/plugins [] []
[2017-12-11 13:44:47] PerMVC.INFO: request is :public/js/hplus28b5 [] []
[2017-12-11 13:44:47] PerMVC.INFO: request is :public/js/plugins [] []
[2017-12-11 13:44:47] PerMVC.INFO: request is :public/js/plugins [] []
[2017-12-11 13:44:47] PerMVC.INFO: request is :public/js/plugins [] []
[2017-12-11 13:44:47] PerMVC.INFO: request is :public/js/plugins [] []
[2017-12-11 13:44:47] PerMVC.INFO: request is :public/js/bootstrap [] []
[2017-12-11 13:44:47] PerMVC.INFO: request is :public/js/demo [] []
[2017-12-11 13:44:47] PerMVC.INFO: request is :public/js/core [] []
[2017-12-11 13:44:47] PerMVC.INFO: request is :public/js/plugins [] []
[2017-12-11 13:44:47] PerMVC.INFO: request is :public/js/plugins [] []
[2017-12-11 13:44:47] PerMVC.INFO: request is :public/js/hplus28b5 [] []
[2017-12-11 13:44:47] PerMVC.INFO: request is :public/js/plugins [] []
[2017-12-11 13:44:47] PerMVC.INFO: request is :public/js/plugins [] []
[2017-12-11 13:44:47] PerMVC.INFO: request is :public/js/plugins [] []
[2017-12-11 13:44:47] PerMVC.INFO: request is :public/js/plugins [] []
[2017-12-11 13:44:47] PerMVC.INFO: request is :public/js/plugins [] []
[2017-12-11 13:44:47] PerMVC.INFO: request is :public/js/plugins [] []
[2017-12-11 13:44:47] PerMVC.INFO: request is :public/js/demo [] []
[2017-12-11 13:51:49] PerMVC.INFO: request is :app/index/index [] []
[2017-12-11 13:51:49] PerMVC.INFO: info ! [] []
[2017-12-11 13:51:49] PerMVC.INFO: request is :public/css/bootstrap [] []
[2017-12-11 13:51:49] PerMVC.INFO: request is :public/css/animate [] []
[2017-12-11 13:51:49] PerMVC.INFO: request is :public/css/stylef066 [] []
[2017-12-11 13:51:49] PerMVC.INFO: request is :public/js/jquery-3 [] []
[2017-12-11 13:51:49] PerMVC.INFO: request is :public/css/font-awesome [] []
[2017-12-11 13:51:49] PerMVC.INFO: request is :public/js/bootstrap [] []
[2017-12-11 13:51:49] PerMVC.INFO: request is :public/css/my [] []
[2017-12-11 13:51:49] PerMVC.INFO: request is :public/js/core [] []
[2017-12-11 13:51:49] PerMVC.INFO: request is :public/js/plugins [] []
[2017-12-11 13:51:49] PerMVC.INFO: request is :public/js/plugins [] []
[2017-12-11 13:51:49] PerMVC.INFO: request is :public/js/hplus28b5 [] []
[2017-12-11 13:51:49] PerMVC.INFO: request is :public/js/plugins [] []
[2017-12-11 13:51:49] PerMVC.INFO: request is :public/js/plugins [] []
[2017-12-11 13:51:49] PerMVC.INFO: request is :public/js/plugins [] []
[2017-12-11 13:51:49] PerMVC.INFO: request is :public/js/plugins [] []
[2017-12-11 13:51:49] PerMVC.INFO: request is :public/js/plugins [] []
[2017-12-11 13:51:50] PerMVC.INFO: request is :public/js/plugins [] []
[2017-12-11 13:51:50] PerMVC.INFO: request is :public/js/demo [] []
[2017-12-11 13:51:50] PerMVC.INFO: request is :public/js/bootstrap [] []
[2017-12-11 13:51:50] PerMVC.INFO: request is :public/js/core [] []
[2017-12-11 13:51:50] PerMVC.INFO: request is :public/js/plugins [] []
[2017-12-11 13:51:50] PerMVC.INFO: request is :public/js/plugins [] []
[2017-12-11 13:51:50] PerMVC.INFO: request is :public/js/hplus28b5 [] []
[2017-12-11 13:51:50] PerMVC.INFO: request is :public/js/plugins [] []
[2017-12-11 13:51:50] PerMVC.INFO: request is :public/js/plugins [] []
[2017-12-11 13:51:50] PerMVC.INFO: request is :public/js/plugins [] []
[2017-12-11 13:51:50] PerMVC.INFO: request is :public/js/plugins [] []
[2017-12-11 13:51:50] PerMVC.INFO: request is :public/js/plugins [] []
[2017-12-11 13:51:50] PerMVC.INFO: request is :public/js/plugins [] []
[2017-12-11 13:51:50] PerMVC.INFO: request is :public/js/demo [] []
[2017-12-11 13:51:51] PerMVC.INFO: request is :app/index/index [] []
[2017-12-11 13:51:51] PerMVC.INFO: info ! [] []
[2017-12-11 13:51:51] PerMVC.INFO: request is :public/css/bootstrap [] []
[2017-12-11 13:51:51] PerMVC.INFO: request is :public/css/stylef066 [] []
[2017-12-11 13:51:51] PerMVC.INFO: request is :public/js/jquery-3 [] []
[2017-12-11 13:51:51] PerMVC.INFO: request is :public/css/font-awesome [] []
[2017-12-11 13:51:51] PerMVC.INFO: request is :public/js/bootstrap [] []
[2017-12-11 13:51:51] PerMVC.INFO: request is :public/js/plugins [] []
[2017-12-11 13:51:51] PerMVC.INFO: request is :public/css/my [] []
[2017-12-11 13:51:51] PerMVC.INFO: request is :public/js/plugins [] []
[2017-12-11 13:51:51] PerMVC.INFO: request is :public/js/core [] []
[2017-12-11 13:51:51] PerMVC.INFO: request is :public/js/plugins [] []
[2017-12-11 13:51:52] PerMVC.INFO: request is :public/js/hplus28b5 [] []
[2017-12-11 13:51:52] PerMVC.INFO: request is :public/js/plugins [] []
[2017-12-11 13:51:52] PerMVC.INFO: request is :public/js/plugins [] []
[2017-12-11 13:51:52] PerMVC.INFO: request is :public/js/plugins [] []
[2017-12-11 13:51:52] PerMVC.INFO: request is :public/js/plugins [] []
[2017-12-11 13:51:52] PerMVC.INFO: request is :public/js/plugins [] []
[2017-12-11 13:51:52] PerMVC.INFO: request is :public/js/bootstrap [] []
[2017-12-11 13:51:52] PerMVC.INFO: request is :public/js/demo [] []
[2017-12-11 13:51:52] PerMVC.INFO: request is :public/js/core [] []
[2017-12-11 13:51:52] PerMVC.INFO: request is :public/js/plugins [] []
[2017-12-11 13:51:52] PerMVC.INFO: request is :public/js/plugins [] []
[2017-12-11 13:51:52] PerMVC.INFO: request is :public/js/hplus28b5 [] []
[2017-12-11 13:51:52] PerMVC.INFO: request is :public/js/plugins [] []
[2017-12-11 13:51:52] PerMVC.INFO: request is :public/js/plugins [] []
[2017-12-11 13:51:52] PerMVC.INFO: request is :public/js/plugins [] []
[2017-12-11 13:51:52] PerMVC.INFO: request is :public/js/plugins [] []
[2017-12-11 13:51:52] PerMVC.INFO: request is :public/js/plugins [] []
[2017-12-11 13:51:52] PerMVC.INFO: request is :public/js/plugins [] []
[2017-12-11 13:51:52] PerMVC.INFO: request is :public/js/demo [] []
[2017-12-11 13:53:46] PerMVC.INFO: request is :app/index/index [] []
[2017-12-11 13:53:46] PerMVC.INFO: info ! [] []
[2017-12-11 13:53:46] PerMVC.INFO: request is :public/css/bootstrap [] []
[2017-12-11 13:53:46] PerMVC.INFO: request is :public/css/my [] []
[2017-12-11 13:53:46] PerMVC.INFO: request is :public/js/jquery-3 [] []
[2017-12-11 13:53:46] PerMVC.INFO: request is :public/css/font-awesome [] []
[2017-12-11 13:53:46] PerMVC.INFO: request is :public/js/bootstrap [] []
[2017-12-11 13:53:46] PerMVC.INFO: request is :public/js/core [] []
[2017-12-11 13:53:46] PerMVC.INFO: request is :public/css/animate [] []
[2017-12-11 13:53:46] PerMVC.INFO: request is :public/js/plugins [] []
[2017-12-11 13:53:46] PerMVC.INFO: request is :public/js/plugins [] []
[2017-12-11 13:53:46] PerMVC.INFO: request is :public/js/hplus28b5 [] []
[2017-12-11 13:53:46] PerMVC.INFO: request is :public/css/stylef066 [] []
[2017-12-11 13:53:46] PerMVC.INFO: request is :public/js/plugins [] []
[2017-12-11 13:53:46] PerMVC.INFO: request is :public/js/plugins [] []
[2017-12-11 13:53:46] PerMVC.INFO: request is :public/js/plugins [] []
[2017-12-11 13:53:46] PerMVC.INFO: request is :public/js/plugins [] []
[2017-12-11 13:53:46] PerMVC.INFO: request is :public/js/plugins [] []
[2017-12-11 13:53:46] PerMVC.INFO: request is :public/js/plugins [] []
[2017-12-11 13:53:46] PerMVC.INFO: request is :public/js/demo [] []
[2017-12-11 13:53:46] PerMVC.INFO: request is :public/js/bootstrap [] []
[2017-12-11 13:53:46] PerMVC.INFO: request is :public/js/core [] []
[2017-12-11 13:53:46] PerMVC.INFO: request is :public/js/plugins [] []
[2017-12-11 13:53:46] PerMVC.INFO: request is :public/js/plugins [] []
[2017-12-11 13:53:46] PerMVC.INFO: request is :public/js/hplus28b5 [] []
[2017-12-11 13:53:46] PerMVC.INFO: request is :public/js/plugins [] []
[2017-12-11 13:53:46] PerMVC.INFO: request is :public/js/plugins [] []
[2017-12-11 13:53:46] PerMVC.INFO: request is :public/js/plugins [] []
[2017-12-11 13:53:46] PerMVC.INFO: request is :public/js/plugins [] []
[2017-12-11 13:53:46] PerMVC.INFO: request is :public/js/plugins [] []
[2017-12-11 13:53:46] PerMVC.INFO: request is :public/js/plugins [] []
[2017-12-11 13:53:46] PerMVC.INFO: request is :public/js/demo [] []
[2017-12-11 13:53:54] PerMVC.INFO: request is :app/index/index [] []
[2017-12-11 13:53:54] PerMVC.INFO: info ! [] []
[2017-12-11 13:53:54] PerMVC.INFO: request is :public/css/bootstrap [] []
[2017-12-11 13:53:54] PerMVC.INFO: request is :public/css/font-awesome [] []
[2017-12-11 13:53:54] PerMVC.INFO: request is :public/css/stylef066 [] []
[2017-12-11 13:53:54] PerMVC.INFO: request is :public/js/core [] []
[2017-12-11 13:53:54] PerMVC.INFO: request is :public/js/plugins [] []
[2017-12-11 13:53:54] PerMVC.INFO: request is :public/js/bootstrap [] []
[2017-12-11 13:53:54] PerMVC.INFO: request is :public/css/animate [] []
[2017-12-11 13:53:54] PerMVC.INFO: request is :public/css/my [] []
[2017-12-11 13:53:54] PerMVC.INFO: request is :public/js/jquery-3 [] []
[2017-12-11 13:53:54] PerMVC.INFO: request is :public/js/plugins [] []
[2017-12-11 13:53:54] PerMVC.INFO: request is :public/js/plugins [] []
[2017-12-11 13:53:54] PerMVC.INFO: request is :public/js/plugins [] []
[2017-12-11 13:53:54] PerMVC.INFO: request is :public/js/hplus28b5 [] []
[2017-12-11 13:53:54] PerMVC.INFO: request is :public/js/plugins [] []
[2017-12-11 13:53:54] PerMVC.INFO: request is :public/js/plugins [] []
[2017-12-11 13:53:54] PerMVC.INFO: request is :public/js/plugins [] []
[2017-12-11 13:53:54] PerMVC.INFO: request is :public/js/demo [] []
[2017-12-11 13:53:54] PerMVC.INFO: request is :public/js/bootstrap [] []
[2017-12-11 13:53:54] PerMVC.INFO: request is :public/js/plugins [] []
[2017-12-11 13:53:54] PerMVC.INFO: request is :public/js/core [] []
[2017-12-11 13:53:54] PerMVC.INFO: request is :public/js/plugins [] []
[2017-12-11 13:53:54] PerMVC.INFO: request is :public/js/plugins [] []
[2017-12-11 13:53:54] PerMVC.INFO: request is :public/js/hplus28b5 [] []
[2017-12-11 13:53:54] PerMVC.INFO: request is :public/js/plugins [] []
[2017-12-11 13:53:54] PerMVC.INFO: request is :public/js/plugins [] []
[2017-12-11 13:53:54] PerMVC.INFO: request is :public/js/plugins [] []
[2017-12-11 13:53:54] PerMVC.INFO: request is :public/js/plugins [] []
[2017-12-11 13:53:54] PerMVC.INFO: request is :public/js/plugins [] []
[2017-12-11 13:53:54] PerMVC.INFO: request is :public/js/plugins [] []
[2017-12-11 13:53:54] PerMVC.INFO: request is :public/js/demo [] []
[2017-12-11 13:54:05] PerMVC.INFO: request is :app/index/index [] []
[2017-12-11 13:54:05] PerMVC.INFO: info ! [] []
[2017-12-11 13:54:05] PerMVC.INFO: request is :public/css/bootstrap [] []
[2017-12-11 13:54:05] PerMVC.INFO: request is :public/css/font-awesome [] []
[2017-12-11 13:54:05] PerMVC.INFO: request is :public/css/my [] []
[2017-12-11 13:54:05] PerMVC.INFO: request is :public/css/stylef066 [] []
[2017-12-11 13:54:05] PerMVC.INFO: request is :public/css/animate [] []
[2017-12-11 13:54:05] PerMVC.INFO: request is :public/js/bootstrap [] []
[2017-12-11 13:54:05] PerMVC.INFO: request is :public/js/jquery-3 [] []
[2017-12-11 13:54:05] PerMVC.INFO: request is :public/js/core [] []
[2017-12-11 13:54:05] PerMVC.INFO: request is :public/js/plugins [] []
[2017-12-11 13:54:05] PerMVC.INFO: request is :public/js/hplus28b5 [] []
[2017-12-11 13:54:05] PerMVC.INFO: request is :public/js/plugins [] []
[2017-12-11 13:54:05] PerMVC.INFO: request is :public/js/plugins [] []
[2017-12-11 13:54:05] PerMVC.INFO: request is :public/js/plugins [] []
[2017-12-11 13:54:05] PerMVC.INFO: request is :public/js/plugins [] []
[2017-12-11 13:54:05] PerMVC.INFO: request is :public/js/plugins [] []
[2017-12-11 13:54:05] PerMVC.INFO: request is :public/js/plugins [] []
[2017-12-11 13:54:05] PerMVC.INFO: request is :public/js/plugins [] []
[2017-12-11 13:54:05] PerMVC.INFO: request is :public/js/demo [] []
[2017-12-11 13:54:05] PerMVC.INFO: request is :public/js/bootstrap [] []
[2017-12-11 13:54:05] PerMVC.INFO: request is :public/js/core [] []
[2017-12-11 13:54:05] PerMVC.INFO: request is :public/js/plugins [] []
[2017-12-11 13:54:05] PerMVC.INFO: request is :public/js/hplus28b5 [] []
[2017-12-11 13:54:05] PerMVC.INFO: request is :public/js/plugins [] []
[2017-12-11 13:54:05] PerMVC.INFO: request is :public/js/plugins [] []
[2017-12-11 13:54:05] PerMVC.INFO: request is :public/js/plugins [] []
[2017-12-11 13:54:05] PerMVC.INFO: request is :public/js/plugins [] []
[2017-12-11 13:54:05] PerMVC.INFO: request is :public/js/plugins [] []
[2017-12-11 13:54:05] PerMVC.INFO: request is :public/js/plugins [] []
[2017-12-11 13:54:05] PerMVC.INFO: request is :public/js/demo [] []
[2017-12-11 13:57:17] PerMVC.INFO: request is :app/index/index [] []
[2017-12-11 13:57:17] PerMVC.INFO: info ! [] []
[2017-12-11 13:57:18] PerMVC.INFO: request is :public/css/bootstrap [] []
[2017-12-11 13:57:18] PerMVC.INFO: request is :public/css/my [] []
[2017-12-11 13:57:18] PerMVC.INFO: request is :public/css/font-awesome [] []
[2017-12-11 13:57:18] PerMVC.INFO: request is :public/css/animate [] []
[2017-12-11 13:57:18] PerMVC.INFO: request is :public/css/stylef066 [] []
[2017-12-11 13:57:18] PerMVC.INFO: request is :public/js/core [] []
[2017-12-11 13:57:18] PerMVC.INFO: request is :public/js/plugins [] []
[2017-12-11 13:57:18] PerMVC.INFO: request is :public/js/bootstrap [] []
[2017-12-11 13:57:18] PerMVC.INFO: request is :public/js/jquery-3 [] []
[2017-12-11 13:57:18] PerMVC.INFO: request is :public/js/plugins [] []
[2017-12-11 13:57:18] PerMVC.INFO: request is :public/js/hplus28b5 [] []
[2017-12-11 13:57:18] PerMVC.INFO: request is :public/js/plugins [] []
[2017-12-11 13:57:18] PerMVC.INFO: request is :public/js/plugins [] []
[2017-12-11 13:57:18] PerMVC.INFO: request is :public/js/plugins [] []
[2017-12-11 13:57:18] PerMVC.INFO: request is :public/js/plugins [] []
[2017-12-11 13:57:18] PerMVC.INFO: request is :public/js/plugins [] []
[2017-12-11 13:57:18] PerMVC.INFO: request is :public/js/plugins [] []
[2017-12-11 13:57:18] PerMVC.INFO: request is :public/js/demo [] []
[2017-12-11 13:57:18] PerMVC.INFO: request is :public/js/bootstrap [] []
[2017-12-11 13:57:18] PerMVC.INFO: request is :public/js/core [] []
[2017-12-11 13:57:18] PerMVC.INFO: request is :public/js/plugins [] []
[2017-12-11 13:57:18] PerMVC.INFO: request is :public/js/plugins [] []
[2017-12-11 13:57:18] PerMVC.INFO: request is :public/js/hplus28b5 [] []
[2017-12-11 13:57:18] PerMVC.INFO: request is :public/js/plugins [] []
[2017-12-11 13:57:18] PerMVC.INFO: request is :public/js/plugins [] []
[2017-12-11 13:57:18] PerMVC.INFO: request is :public/js/plugins [] []
[2017-12-11 13:57:18] PerMVC.INFO: request is :public/js/plugins [] []
[2017-12-11 13:57:18] PerMVC.INFO: request is :public/js/plugins [] []
[2017-12-11 13:57:18] PerMVC.INFO: request is :public/js/plugins [] []
[2017-12-11 13:57:18] PerMVC.INFO: request is :public/js/demo [] []
[2017-12-11 13:57:47] PerMVC.INFO: request is :index// [] []
[2017-12-11 13:58:07] PerMVC.INFO: request is :app/index/index [] []
[2017-12-11 13:58:07] PerMVC.INFO: info ! [] []
[2017-12-11 13:58:07] PerMVC.INFO: request is :public/css/bootstrap [] []
[2017-12-11 13:58:07] PerMVC.INFO: request is :public/css/font-awesome [] []
[2017-12-11 13:58:07] PerMVC.INFO: request is :public/css/my [] []
[2017-12-11 13:58:07] PerMVC.INFO: request is :public/css/animate [] []
[2017-12-11 13:58:07] PerMVC.INFO: request is :public/css/stylef066 [] []
[2017-12-11 13:58:07] PerMVC.INFO: request is :public/js/jquery-3 [] []
[2017-12-11 13:58:07] PerMVC.INFO: request is :public/js/bootstrap [] []
[2017-12-11 13:58:07] PerMVC.INFO: request is :public/js/core [] []
[2017-12-11 13:58:07] PerMVC.INFO: request is :public/js/plugins [] []
[2017-12-11 13:58:07] PerMVC.INFO: request is :public/js/plugins [] []
[2017-12-11 13:58:07] PerMVC.INFO: request is :public/js/plugins [] []
[2017-12-11 13:58:07] PerMVC.INFO: request is :public/js/plugins [] []
[2017-12-11 13:58:07] PerMVC.INFO: request is :public/js/plugins [] []
[2017-12-11 13:58:07] PerMVC.INFO: request is :public/js/demo [] []
[2017-12-11 13:58:08] PerMVC.INFO: request is :public/js/plugins [] []
[2017-12-11 13:58:08] PerMVC.INFO: request is :public/js/plugins [] []
[2017-12-11 13:58:08] PerMVC.INFO: request is :public/js/hplus28b5 [] []
[2017-12-11 13:58:08] PerMVC.INFO: request is :public/js/bootstrap [] []
[2017-12-11 13:58:08] PerMVC.INFO: request is :public/js/plugins [] []
[2017-12-11 13:58:08] PerMVC.INFO: request is :public/js/core [] []
[2017-12-11 13:58:08] PerMVC.INFO: request is :public/js/plugins [] []
[2017-12-11 13:58:08] PerMVC.INFO: request is :public/js/plugins [] []
[2017-12-11 13:58:08] PerMVC.INFO: request is :public/js/hplus28b5 [] []
[2017-12-11 13:58:08] PerMVC.INFO: request is :public/js/plugins [] []
[2017-12-11 13:58:08] PerMVC.INFO: request is :public/js/plugins [] []
[2017-12-11 13:58:08] PerMVC.INFO: request is :public/js/plugins [] []
[2017-12-11 13:58:08] PerMVC.INFO: request is :public/js/plugins [] []
[2017-12-11 13:58:08] PerMVC.INFO: request is :public/js/plugins [] []
[2017-12-11 13:58:08] PerMVC.INFO: request is :public/js/plugins [] []
[2017-12-11 13:58:08] PerMVC.INFO: request is :public/js/demo [] []
[2017-12-11 13:59:43] PerMVC.INFO: request is :app/index/index [] []
[2017-12-11 13:59:43] PerMVC.INFO: info ! [] []
[2017-12-11 13:59:47] PerMVC.INFO: request is :app/index/index [] []
[2017-12-11 13:59:47] PerMVC.INFO: info ! [] []
[2017-12-11 13:59:55] PerMVC.INFO: request is :app/index/index [] []
[2017-12-11 13:59:55] PerMVC.INFO: info ! [] []
[2017-12-11 13:59:58] PerMVC.INFO: request is :app/index/index [] []
[2017-12-11 13:59:58] PerMVC.INFO: info ! [] []
[2017-12-11 14:00:20] PerMVC.INFO: request is :app/index/index [] []
[2017-12-11 14:00:20] PerMVC.INFO: info ! [] []
[2017-12-11 14:01:27] PerMVC.INFO: request is :app/index/index [] []
[2017-12-11 14:01:27] PerMVC.INFO: info ! [] []
[2017-12-11 14:01:54] PerMVC.INFO: request is :demo/fun/toastr [] []
[2017-12-11 14:04:46] PerMVC.INFO: request is :application/?s=/application [] []
[2017-12-11 14:05:22] PerMVC.INFO: request is :application/?s=/application [] []
[2017-12-11 14:05:24] PerMVC.INFO: request is :application/?s=/application [] []
[2017-12-11 14:05:30] PerMVC.INFO: request is :app/index/index [] []
[2017-12-11 14:05:30] PerMVC.INFO: info ! [] []
[2017-12-11 14:07:27] PerMVC.INFO: request is :app/index/index [] []
[2017-12-11 14:07:27] PerMVC.INFO: info ! [] []
[2017-12-11 14:08:46] PerMVC.INFO: request is :app/index/index [] []
[2017-12-11 14:08:46] PerMVC.INFO: info ! [] []
[2017-12-11 14:09:40] PerMVC.INFO: request is :app/index/index [] []
[2017-12-11 14:09:40] PerMVC.INFO: info ! [] []
[2017-12-11 14:09:55] PerMVC.INFO: request is :app/index/index [] []
[2017-12-11 14:09:55] PerMVC.INFO: info ! [] []
[2017-12-11 14:10:09] PerMVC.INFO: request is :app/index/index [] []
[2017-12-11 14:10:09] PerMVC.INFO: info ! [] []
[2017-12-11 14:10:11] PerMVC.INFO: request is :app/index/index [] []
[2017-12-11 14:10:11] PerMVC.INFO: info ! [] []
[2017-12-11 14:10:25] PerMVC.INFO: request is :app/index/index [] []
[2017-12-11 14:10:25] PerMVC.INFO: info ! [] []
[2017-12-11 14:11:07] PerMVC.INFO: request is :app/index/index [] []
[2017-12-11 14:11:07] PerMVC.INFO: info ! [] []
[2017-12-11 14:14:07] PerMVC.INFO: request is :app/index/index [] []
[2017-12-11 14:14:07] PerMVC.INFO: info ! [] []
[2017-12-11 14:14:11] PerMVC.INFO: request is :qweqwe// [] []
[2017-12-11 14:15:05] PerMVC.INFO: request is :qweqwe// [] []
[2017-12-11 14:15:21] PerMVC.INFO: request is :qweqwe// [] []
[2017-12-11 14:16:34] PerMVC.INFO: request is :admin/index/index [] []
[2017-12-11 14:16:49] PerMVC.INFO: request is :admin/upload/index [] []
[2017-12-11 14:17:00] PerMVC.INFO: request is :admin/upload/index [] []
[2017-12-11 14:30:56] PerMVC.INFO: request is :123123// [] []
